0000114614,Samarakoon,Mahinda,C,,0,0,,samarako,nB9ToGQo6E7h2Q==,10
0971350050,De Irish,Stacy Anne,C,,0,0,,deirishs,nB9ToGQo6E7h2Q==,0
0990315119,Sahadeo,Geeta Michelle,C,,0,0,,sahadeog,nB9ToGQo6E7h2Q==,0
0990531144,Bloomfield,Kwame Samora,C,,0,0,,veirakwa,nB9ToGQo6E7h2Q==,0
0990920768,Callaghan,Laura Kristen,C,,0,0,,callagh9,nB9ToGQo6E7h2Q==,0
0993858606,Lee,Hat Lim,C,,0,0,,leehat,nB9ToGQo6E7h2Q==,0
0994004983,Singh,Terrion Devanand,C,,0,0,,singhter,nB9ToGQo6E7h2Q==,0
0994853636,Torres-Macgregor,Luis Sebastian,C,,0,0,,macgre10,nB9ToGQo6E7h2Q==,0
0995537003,Nur,Khulud,C,,0,0,,nurkhulu,nB9ToGQo6E7h2Q==,0
0995892994,Green-Munro,Jasmine,C,,0,0,,munrojas,nB9ToGQo6E7h2Q==,0
0996040458,Soundaranathan,Nilaxan,C,,0,0,,soundar3,nB9ToGQo6E7h2Q==,0
0996328549,Mclean,Taija,C,,0,0,,mcleant1,nB9ToGQo6E7h2Q==,0
0996357570,Pedron,Tiffany,C,,0,0,,pedronti,nB9ToGQo6E7h2Q==,0
0996710493,Anthony,Shenton L,C,,0,0,,anthon26,nB9ToGQo6E7h2Q==,0
0996931806,Cai,Ruiqing,C,,0,0,,cairuiqi,nB9ToGQo6E7h2Q==,0
0997385707,Zhou,Michelle Ying,C,,0,0,,zhouying,nB9ToGQo6E7h2Q==,0
0997448150,Rehman,Fatima Neha,C,,0,0,,rehmanf3,nB9ToGQo6E7h2Q==,0
0997617609,Pena,Jessica,C,,0,0,,penajess,nB9ToGQo6E7h2Q==,0
0997626298,Gindi,Mark,C,,0,0,,gindima1,nB9ToGQo6E7h2Q==,0
0997728339,Hamid,Lina,C,,0,0,,hamidlin,nB9ToGQo6E7h2Q==,0
0997829603,Zhou,Liyang,C,,0,0,,zhouliya,nB9ToGQo6E7h2Q==,0
0997848227,Chen,Xin,C,,0,0,,chenxi54,nB9ToGQo6E7h2Q==,0
0998009024,Abrar,Syed Ahsan,C,,0,0,,abrarsy1,nB9ToGQo6E7h2Q==,0
0998234931,Ortega,Jo Marie Alethea Villarin,C,,0,0,,ortegaj1,nB9ToGQo6E7h2Q==,0
0998260260,Bhardwaj,Shivani,C,,0,0,,bhardw36,nB9ToGQo6E7h2Q==,0
0998275316,Stojanovski,Kevin Paul,C,,0,0,,stojan16,nB9ToGQo6E7h2Q==,0
0998292422,Lai,Michelle Carrie,C,,0,0,,laimich4,nB9ToGQo6E7h2Q==,0
0998293859,Ahmad,Mohmad,C,,0,0,,ahmadmo1,nB9ToGQo6E7h2Q==,0
0998299210,Sivakumaran,Shahana,C,,0,0,,sivaku34,nB9ToGQo6E7h2Q==,0
0998307764,Vaceekaran,Anusiya,C,,0,0,,vaceekar,nB9ToGQo6E7h2Q==,0
0998321935,Mahdi,Nuha,C,,0,0,,mahdinuh,nB9ToGQo6E7h2Q==,0
0998358600,Lang,Lorna M,C,,0,0,,langlorn,nB9ToGQo6E7h2Q==,0
0998402697,Nkata,Micheal,C,,0,0,,nkatamic,nB9ToGQo6E7h2Q==,0
0998425752,Qureshi,Salman,C,,0,0,,qures243,nB9ToGQo6E7h2Q==,0
0998463728,Abbiew,John Clarke,C,,0,0,,abbiewjo,nB9ToGQo6E7h2Q==,0
0998482477,Balay,Bath-El,C,,0,0,,balaybat,nB9ToGQo6E7h2Q==,0
0998498558,Viveiros,Rebecca,C,,0,0,,viveiro4,nB9ToGQo6E7h2Q==,0
0998652042,Brannan,Julia Lynn Ruth,C,,0,0,,macdo340,nB9ToGQo6E7h2Q==,0
0998713735,Chia,Chiao Chi,C,,0,0,,chiachia,nB9ToGQo6E7h2Q==,0
0998790786,He,Jiaqi,C,,0,0,,hejiaqi,nB9ToGQo6E7h2Q==,0
0998805066,Chu,Yi,C,,0,0,,chuyi1,nB9ToGQo6E7h2Q==,0
0998862217,Syed,Hasan Kamal,C,,0,0,,syedhas1,nB9ToGQo6E7h2Q==,0
0998885238,Gregory,Matthew,C,,0,0,,gregor24,nB9ToGQo6E7h2Q==,0
0998886326,Jeganathan,Genesha,C,,0,0,,jegana20,nB9ToGQo6E7h2Q==,0
0998898509,Yiao,Winson,C,,0,0,,yiaowins,nB9ToGQo6E7h2Q==,0
0998923303,Tutu-Brenpong,Anyonam Rachel,C,,0,0,,brenpon1,nB9ToGQo6E7h2Q==,0
0998928665,Wong,Stanley Kar Chaung,C,,0,0,,wongsta6,nB9ToGQo6E7h2Q==,0
0998946761,Thavarajah,Pavithra,C,,0,0,,thavar12,nB9ToGQo6E7h2Q==,0
0998974454,Nambakkam,Mulya,C,,0,0,,nambakk1,nB9ToGQo6E7h2Q==,0
0998981534,Kanagalingam,Yathavi,C,,0,0,,kanagal9,nB9ToGQo6E7h2Q==,0
0998988500,Nassiri,Tyler,C,,0,0,,nassirit,nB9ToGQo6E7h2Q==,0
0998996877,Li,Jiajun,C,,0,0,,lijiajun,nB9ToGQo6E7h2Q==,0
0999027164,Lakhan,Karishma,C,,0,0,,lakhanka,nB9ToGQo6E7h2Q==,0
0999037974,Smirniotis,Anastacia,C,,0,0,,smirniot,nB9ToGQo6E7h2Q==,0
0999054311,Lantagne,Jean-Philippe,C,,0,0,,lantagn1,nB9ToGQo6E7h2Q==,0
0999147294,Kwong,Tiffany Gaa Yung,C,,0,0,,kwongti1,nB9ToGQo6E7h2Q==,0
0999150341,Mckenzie,Maleika Melicia,C,,0,0,,mckenz91,nB9ToGQo6E7h2Q==,0
0999175100,De Silva,Nastassja,C,,0,0,,desilv20,nB9ToGQo6E7h2Q==,0
0999178786,Rashid,Tasneem,C,,0,0,,rashidt1,nB9ToGQo6E7h2Q==,0
0999185368,Alarashi,Hivin,C,,0,0,,alarash2,nB9ToGQo6E7h2Q==,0
0999188926,Han,Lu Yang Louise,C,,0,0,,hanlu4,nB9ToGQo6E7h2Q==,0
0999202072,Yuan,Xue Dan,C,,0,0,,yuanxue2,nB9ToGQo6E7h2Q==,0
0999210928,Cao,Tianyuqi,C,,0,0,,caotiany,nB9ToGQo6E7h2Q==,0
0999211366,Zaidi,Fatima Zahra,C,,0,0,,zaidifa2,nB9ToGQo6E7h2Q==,0
0999221774,Khan,Misha,C,,0,0,,khanmish,nB9ToGQo6E7h2Q==,0
0999223969,Weldegurguis,Wolteyesus,C,,0,0,,weldegur,nB9ToGQo6E7h2Q==,0
0999224227,Raja,Haira Mashal,C,,0,0,,rajahair,nB9ToGQo6E7h2Q==,0
0999224799,Haughey,Caitlin,C,,0,0,,haugheyc,nB9ToGQo6E7h2Q==,0
0999227705,Chauhan,Zain Wasim,C,,0,0,,chauhanz,nB9ToGQo6E7h2Q==,0
0999246631,Mo,Yang,C,,0,0,,moyang1,nB9ToGQo6E7h2Q==,0
0999280987,He,Kitty,C,,0,0,,hekitty,nB9ToGQo6E7h2Q==,0
0999308262,Furlano,Sabrina,C,,0,0,,furlanos,nB9ToGQo6E7h2Q==,0
0999328758,Awere,Henry,C,,0,0,,awerehen,nB9ToGQo6E7h2Q==,0
0999424403,Vink,Daniel,C,,0,0,,vinkdani,nB9ToGQo6E7h2Q==,0
0999425518,Chandoo,Naila,C,,0,0,,chandoo1,nB9ToGQo6E7h2Q==,0
0999542856,To,Tyler Ga Loong,C,,0,0,,totyler,nB9ToGQo6E7h2Q==,0
0999567044,Barez,Farishta,C,,0,0,,barezfar,nB9ToGQo6E7h2Q==,0
0999580948,Afzal,Husna,C,,0,0,,afzalhus,nB9ToGQo6E7h2Q==,0
0999585444,Jegatheeswaran,Jenitha,C,,0,0,,jegath27,nB9ToGQo6E7h2Q==,0
0999627872,Baig,Mansoor,C,,0,0,,baigmans,nB9ToGQo6E7h2Q==,0
0999636808,Jung,Min Joo,C,,0,0,,jungmin2,nB9ToGQo6E7h2Q==,0
0999637068,Shekari,Gazal,C,,0,0,,shekarig,nB9ToGQo6E7h2Q==,0
0999639333,Mekhail,Monica,C,,0,0,,mekhail4,nB9ToGQo6E7h2Q==,0
0999648797,Berna,Yasamin,C,,0,0,,bernayas,nB9ToGQo6E7h2Q==,0
0999661744,Tibbits-Lamirande,Meghan,C,,0,0,,lamiran2,nB9ToGQo6E7h2Q==,0
0999679922,Khan,Lauren Elise,C,,0,0,,khanlaur,nB9ToGQo6E7h2Q==,0
0999702406,Gebe,Erin,C,,0,0,,gebeerin,nB9ToGQo6E7h2Q==,0
0999703593,Jeyakanthan,Thanushiya,C,,0,0,,jeyakan9,nB9ToGQo6E7h2Q==,0
0999704306,Stewart,Tatiana,C,,0,0,,stewa309,nB9ToGQo6E7h2Q==,0
0999708678,Ng,Chlorissa Pui K,C,,0,0,,ngchlori,nB9ToGQo6E7h2Q==,0
0999709356,Hakim,Irfan Ali,C,,0,0,,hakimirf,nB9ToGQo6E7h2Q==,0
0999710861,Mazlan,Zarina,C,,0,0,,mazlanza,nB9ToGQo6E7h2Q==,0
0999717604,Dawe,Nicole Alexandra,C,,0,0,,dawenic1,nB9ToGQo6E7h2Q==,0
0999737263,Khan,Nafis Alam,C,,0,0,,khannafi,nB9ToGQo6E7h2Q==,0
0999752913,Ahmed,Sarah,C,,0,0,,ahmeds97,nB9ToGQo6E7h2Q==,0
0999756893,Megroud,Sara,C,,0,0,,megrouds,nB9ToGQo6E7h2Q==,0
0999765598,Zhu,Calvin Jiajian,C,,0,0,,zhucalvi,nB9ToGQo6E7h2Q==,0
0999766579,Falcone,Natashya,C,,0,0,,falconen,nB9ToGQo6E7h2Q==,0
0999768559,Tan,Sydney Ong,C,,0,0,,tansydne,nB9ToGQo6E7h2Q==,0
0999770779,Muhtaj,Fatima,C,,0,0,,muhtajfa,nB9ToGQo6E7h2Q==,0
0999774604,Nagachandran,Apinaya,C,,0,0,,nagachan,nB9ToGQo6E7h2Q==,0
0999775195,Yang,Fan,C,,0,0,,yangfa23,nB9ToGQo6E7h2Q==,0
0999780063,Khan,Fairoz Subah,C,,0,0,,khanfa29,nB9ToGQo6E7h2Q==,0
0999782025,Irfan,Wardah,C,,0,0,,irfanwar,nB9ToGQo6E7h2Q==,0
0999782203,Thanapal,Rebecca,C,,0,0,,thanapa3,nB9ToGQo6E7h2Q==,0
0999798964,White,Madison,C,,0,0,,whitem16,nB9ToGQo6E7h2Q==,0
0999804074,Gowry-Shankar,Nadhiena,C,,0,0,,shankarn,nB9ToGQo6E7h2Q==,0
0999813082,Huang,Yu,C,,0,0,,huangy83,nB9ToGQo6E7h2Q==,0
0999814250,Qurban,Samarine Roban,C,,0,0,,qurbans1,nB9ToGQo6E7h2Q==,0
0999818782,Dahir,Muna,C,,0,0,,dahirmun,nB9ToGQo6E7h2Q==,0
0999822116,Sothy,Sojini,C,,0,0,,sothysoj,nB9ToGQo6E7h2Q==,0
0999823268,Haroon,Wahidullah Yaser,C,,0,0,,haroonwa,nB9ToGQo6E7h2Q==,0
0999830278,Johnson,Olesya,C,,0,0,,johns622,nB9ToGQo6E7h2Q==,0
0999835610,Islam,Ashraful,C,,0,0,,islamas2,nB9ToGQo6E7h2Q==,0
0999845235,Sarai,Jaspreet Singh,C,,0,0,,saraijas,nB9ToGQo6E7h2Q==,0
0999848964,Yuan,Yi Ding,C,,0,0,,yuanyi4,nB9ToGQo6E7h2Q==,0
0999882275,Majeed,Khyla Zahira,C,,0,0,,majeedk1,nB9ToGQo6E7h2Q==,0
0999884059,Gunawardena,Minoli Navodhini,C,,0,0,,gunawa11,nB9ToGQo6E7h2Q==,0
0999889116,Rahman,Imma,C,,0,0,,rahma149,nB9ToGQo6E7h2Q==,0
0999889624,Mathithayan,Leshawn,C,,0,0,,mathith1,nB9ToGQo6E7h2Q==,0
0999892344,Varatharajah,Yaalini,C,,0,0,,varath28,nB9ToGQo6E7h2Q==,0
0999903136,Puvirajasingam,Pravina,C,,0,0,,puviraj8,nB9ToGQo6E7h2Q==,0
0999906142,Paparizos,Tommy Aristotle,C,,0,0,,papariz1,nB9ToGQo6E7h2Q==,0
0999909489,Rajalingam,Tharsha,C,,0,0,,rajalin8,nB9ToGQo6E7h2Q==,0
0999912741,Jaikishun,Stephanie,C,,0,0,,jaikishu,nB9ToGQo6E7h2Q==,0
0999934692,Rasanayagam,Sharuya,C,,0,0,,rasanay4,nB9ToGQo6E7h2Q==,0
0999939376,Logarajeshwaran,Viithushaa,C,,0,0,,logaraje,nB9ToGQo6E7h2Q==,0
0999939884,Rosati,Alannah,C,,0,0,,rosatia1,nB9ToGQo6E7h2Q==,0
0999943389,Wong,Claudia Mc,C,,0,0,,wongcla7,nB9ToGQo6E7h2Q==,0
0999958167,Tam,Brenda,C,,0,0,,tambrend,nB9ToGQo6E7h2Q==,0
0999965060,Raveendran,Brunthaan,C,,0,0,,raveen44,nB9ToGQo6E7h2Q==,0
0999966041,Gardner,Marika,C,,0,0,,gardne49,nB9ToGQo6E7h2Q==,0
0999987554,Suri,Chetna Deepali,C,,0,0,,surichet,nB9ToGQo6E7h2Q==,0
0999988562,Shivananthan,Ahila,C,,0,0,,shivana2,nB9ToGQo6E7h2Q==,0
0999991549,Tao,Hui Min,C,,0,0,,taohui1,nB9ToGQo6E7h2Q==,0
0999994387,Deng,Xiaoge,C,,0,0,,dengxia4,nB9ToGQo6E7h2Q==,0
0999998230,Rantala,Alexander Stephen,C,,0,0,,rantalaa,nB9ToGQo6E7h2Q==,0
1000005317,Kabika,Christine,C,,0,0,,kabikach,nB9ToGQo6E7h2Q==,0
1000011809,Russell,Dannika Alice Evadnie-Ann,C,,0,0,,russe165,nB9ToGQo6E7h2Q==,0
1000015459,Hung,Susana,C,,0,0,,hungsus1,nB9ToGQo6E7h2Q==,0
1000019730,Judepatrick,Jerry,C,,0,0,,judepatr,nB9ToGQo6E7h2Q==,0
1000026321,Sathyaseelan,Nivetheka,C,,0,0,,sathyas1,nB9ToGQo6E7h2Q==,0
1000026615,Ye,Jingxiong,C,,0,0,,yejingxi,nB9ToGQo6E7h2Q==,0
1000032966,Imtiaz,Junaid,C,,0,0,,imtiazju,nB9ToGQo6E7h2Q==,0
1000036953,Jalali,Mushtaba,C,,0,0,,jalalim4,nB9ToGQo6E7h2Q==,0
1000038309,Ferrell,Marsaydees Desiree,C,,0,0,,ferrellm,nB9ToGQo6E7h2Q==,0
1000040378,Arulnathan,Annejulie A,C,,0,0,,arulnath,nB9ToGQo6E7h2Q==,0
1000045319,Thayaparan,Agalja,C,,0,0,,thayap24,nB9ToGQo6E7h2Q==,0
1000056155,Khalid,Maarya,C,,0,0,,khalid34,nB9ToGQo6E7h2Q==,0
1000056878,Shah,Gulandam,C,,0,0,,shahgula,nB9ToGQo6E7h2Q==,0
1000092954,Cao,Peng Fei,C,,0,0,,caopeng1,nB9ToGQo6E7h2Q==,0
1000181199,Mubu,Kenneth,C,,0,0,,mubukenn,nB9ToGQo6E7h2Q==,0
1000228791,Li,Jing,C,,0,0,,lijing30,nB9ToGQo6E7h2Q==,0
1000244041,Sriram,Ananta,C,,0,0,,sriraman,nB9ToGQo6E7h2Q==,0
1000311272,Orila,Rafaela Glenda,C,,0,0,,orilaraf,nB9ToGQo6E7h2Q==,0
1000314518,Min,Jungwoo,C,,0,0,,minjungw,nB9ToGQo6E7h2Q==,0
1000316678,Li,Luan,C,,0,0,,liluan1,nB9ToGQo6E7h2Q==,0
1000341436,Lau,Fiona,C,,0,0,,laufion2,nB9ToGQo6E7h2Q==,0
1000342667,Halpern,Miriam,C,,0,0,,halper14,nB9ToGQo6E7h2Q==,0
1000354966,Huang,Jialiang,C,,0,0,,huang119,nB9ToGQo6E7h2Q==,0
1000371055,Shi,Peilun,C,,0,0,,shipeilu,nB9ToGQo6E7h2Q==,0
1000393763,Qiu,Qinyi,C,,0,0,,qiuqinyi,nB9ToGQo6E7h2Q==,0
1000396948,Nairow,Shahrokh,C,,0,0,,nairowsh,nB9ToGQo6E7h2Q==,0
1000414429,Lam,Chung Yi Jerry,C,,0,0,,lamchun3,nB9ToGQo6E7h2Q==,0
1000415491,Dong,Anqi,C,,0,0,,donganq1,nB9ToGQo6E7h2Q==,0
1000431197,Han,Yeaeun,C,,0,0,,hanyeae1,nB9ToGQo6E7h2Q==,0
1000432891,Hepner,Alexander,C,,0,0,,hepneral,nB9ToGQo6E7h2Q==,0
1000434069,Senel,Feride,C,,0,0,,senelfer,nB9ToGQo6E7h2Q==,0
1000436021,Abraham,Tileira Jolene,C,,0,0,,abrah122,nB9ToGQo6E7h2Q==,0
1000439046,Chadee,Avesh Victor,C,,0,0,,chadeeav,nB9ToGQo6E7h2Q==,0
1000443969,Tsang,Bo Fan,C,,0,0,,tsangbo,nB9ToGQo6E7h2Q==,0
1000449115,Patel,Nirali,C,,0,0,,pateln54,nB9ToGQo6E7h2Q==,0
1000449614,Gunasekaran,Genevieve,C,,0,0,,gunasek7,nB9ToGQo6E7h2Q==,0
1000450102,Ada,Sunshyne Jo Millanes,C,,0,0,,adasunsh,nB9ToGQo6E7h2Q==,0
1000462420,Thankathurai,Thurka,C,,0,0,,thankath,nB9ToGQo6E7h2Q==,0
1000474854,Olieux,Adam,C,,0,0,,olieuxad,nB9ToGQo6E7h2Q==,0
1000490202,Bartolome,Omicron I,C,,0,0,,bartolo6,nB9ToGQo6E7h2Q==,0
1000492326,Nahar,Mujneen,C,,0,0,,naharmuj,nB9ToGQo6E7h2Q==,0
1000492647,Sarfraz,Yasra,C,,0,0,,sarfrazy,nB9ToGQo6E7h2Q==,0
1000492969,Selvanayagam,Jerena,C,,0,0,,selvan22,nB9ToGQo6E7h2Q==,0
1000500941,Zhang,Yihui,C,,0,0,,zhang790,nB9ToGQo6E7h2Q==,0
1000513839,Norris,Shanice Akia,C,,0,0,,norrissh,nB9ToGQo6E7h2Q==,0
1000526745,Naqvi,Urooba Zehra,C,,0,0,,naqviuro,nB9ToGQo6E7h2Q==,0
1000529350,Liu,Shaobo,C,,0,0,,liushaob,nB9ToGQo6E7h2Q==,0
1000529797,Jadoolal,Shari Mariah,C,,0,0,,jadoola1,nB9ToGQo6E7h2Q==,0
1000536663,Khan,Rosetta,C,,0,0,,khanrose,nB9ToGQo6E7h2Q==,0
1000546965,Pararajasingam,Nizhane,C,,0,0,,parara11,nB9ToGQo6E7h2Q==,0
1000547768,Mahendren,Banusha,C,,0,0,,mahend69,nB9ToGQo6E7h2Q==,0
1000557596,Wheeler,Amanda-Lynn,C,,0,0,,wheele34,nB9ToGQo6E7h2Q==,0
1000567291,Lin,Zheng Dong,C,,0,0,,linzhen2,nB9ToGQo6E7h2Q==,0
1000568236,Durjoy,Sushmit Das,C,,0,0,,durjoysu,nB9ToGQo6E7h2Q==,0
1000587885,Tanveer,Sana,C,,0,0,,tanveer4,nB9ToGQo6E7h2Q==,0
1000589240,Ragunathan,Sharmigaa,C,,0,0,,raguna18,nB9ToGQo6E7h2Q==,0
1000591978,Mirpour,Jamshaid,C,,0,0,,mirpourj,nB9ToGQo6E7h2Q==,0
1000596973,Shah,Riddhi,C,,0,0,,shahrid1,nB9ToGQo6E7h2Q==,0
1000600548,Girmay,Bethelehem,C,,0,0,,girmaybe,nB9ToGQo6E7h2Q==,0
1000600833,Ganeswaran,Araby,C,,0,0,,ganeswa3,nB9ToGQo6E7h2Q==,0
1000601967,Omar,Rahma Saad,C,,0,0,,omarrah1,nB9ToGQo6E7h2Q==,0
1000609567,Chunduri,Sanjana Mary,C,,0,0,,chunduri,nB9ToGQo6E7h2Q==,0
1000616390,Alli,Riyad,C,,0,0,,alliriya,nB9ToGQo6E7h2Q==,0
1000619654,Lo,Wendy,C,,0,0,,lowendy4,nB9ToGQo6E7h2Q==,0
1000620045,Ramjit-Mckellar,Tera Angelica,C,,0,0,,mckell10,nB9ToGQo6E7h2Q==,0
1000623113,Khan,Saddat Azam,C,,0,0,,khansadd,nB9ToGQo6E7h2Q==,0
1000626548,Vyravipillai,Angelica Jerusha,C,,0,0,,vyravipi,nB9ToGQo6E7h2Q==,0
1000628261,Cho,Julian Chi Hoy,C,,0,0,,chojuli1,nB9ToGQo6E7h2Q==,0
1000630757,Thanarajah,Tharmiya,C,,0,0,,thanaraj,nB9ToGQo6E7h2Q==,0
1000637732,Peng,Sophie,C,,0,0,,pengsoph,nB9ToGQo6E7h2Q==,0
1000654534,Rehman,Aalyia,C,,0,0,,rehmanaa,nB9ToGQo6E7h2Q==,0
1000660153,Mir,Rafa,C,,0,0,,mirrafa,nB9ToGQo6E7h2Q==,0
1000665719,Lall,Ashley,C,,0,0,,lallashl,nB9ToGQo6E7h2Q==,0
1000666674,Liu,Huiqing,C,,0,0,,liuhuiqi,nB9ToGQo6E7h2Q==,0
1000683398,Mahesan,Mathuraah,C,,0,0,,mahesan3,nB9ToGQo6E7h2Q==,0
1000685289,Lee,Kevin Shiu-Fung,C,,0,0,,leekev28,nB9ToGQo6E7h2Q==,0
1000687394,Pham,Lisa,C,,0,0,,phamlisa,nB9ToGQo6E7h2Q==,0
1000690745,Patel,Havankumar A,C,,0,0,,patelhav,nB9ToGQo6E7h2Q==,0
1000690941,Gunathasan,Sobika,C,,0,0,,gunathas,nB9ToGQo6E7h2Q==,0
1000692119,Aziz,Shaima,C,,0,0,,azizshai,nB9ToGQo6E7h2Q==,0
1000695928,Dini,Diana,C,,0,0,,dinidian,nB9ToGQo6E7h2Q==,0
1000696865,Ferroni,Krystal Joanne Blay,C,,0,0,,ferronik,nB9ToGQo6E7h2Q==,0
1000698854,Tam,Brian Hin Ching,C,,0,0,,tambria2,nB9ToGQo6E7h2Q==,0
1000700921,Huang,Ruiyi,C,,0,0,,huangru7,nB9ToGQo6E7h2Q==,0
1000703688,Armstrong,Jayne Morgan,C,,0,0,,armst214,nB9ToGQo6E7h2Q==,0
1000726609,Lu,Wen Jia,C,,0,0,,luwen7,nB9ToGQo6E7h2Q==,0
1000726805,Tan,Chuneng,C,,0,0,,tanchune,nB9ToGQo6E7h2Q==,0
1000735877,Baleswaran,Abiramy,C,,0,0,,baleswa2,nB9ToGQo6E7h2Q==,0
1000737848,Saeed,Rabia Rashid,C,,0,0,,saeedrab,nB9ToGQo6E7h2Q==,0
1000740656,Bhatti,Maliha Munir,C,,0,0,,bhatti13,nB9ToGQo6E7h2Q==,0
1000758824,Ruan,Yvonne,C,,0,0,,ruanyvon,nB9ToGQo6E7h2Q==,0
1000758913,Sufi,Atiqurrehman,C,,0,0,,sufiatiq,nB9ToGQo6E7h2Q==,0
1000777224,Wahab,Irbaz Abdul,C,,0,0,,wahabirb,nB9ToGQo6E7h2Q==,0
1000780210,Shuriye,Sagal,C,,0,0,,shuriyes,nB9ToGQo6E7h2Q==,0
1000789783,Rajagopal,Gajany,C,,0,0,,rajago29,nB9ToGQo6E7h2Q==,0
1000791477,Amer,Nahom,C,,0,0,,amernaho,nB9ToGQo6E7h2Q==,0
1000792635,Ferguson,Jehenille Alisa,C,,0,0,,fergu198,nB9ToGQo6E7h2Q==,0
1000793073,Hu,Jia Hui,C,,0,0,,hujia6,nB9ToGQo6E7h2Q==,0
1000797612,Dai,Yi Xiong,C,,0,0,,daiyi1,nB9ToGQo6E7h2Q==,0
1000801787,Hamdan,Hasina Mohamed,C,,0,0,,hamdanha,nB9ToGQo6E7h2Q==,0
1000804338,Darouiche,Ali Reda,C,,0,0,,darouich,nB9ToGQo6E7h2Q==,0
1000815228,Hassan,Hanan Ahmed,C,,0,0,,hassa179,nB9ToGQo6E7h2Q==,0
1000816511,Dale,Adrian Samuel,C,,0,0,,daleadri,nB9ToGQo6E7h2Q==,0
1000825645,Lam,Andrew,C,,0,0,,lamand15,nB9ToGQo6E7h2Q==,0
1000825850,Basil,Carol Ann,C,,0,0,,basilcar,nB9ToGQo6E7h2Q==,0
1000827527,Prakash,Jessica Amrita,C,,0,0,,prakashj,nB9ToGQo6E7h2Q==,0
1000828492,Mao,WanLi,C,,0,0,,maowan,nB9ToGQo6E7h2Q==,0
1000829142,Shivbasant,Savitri,C,,0,0,,shivbasa,nB9ToGQo6E7h2Q==,0
1000829767,Ferdous,Tahsin,C,,0,0,,ferdous8,nB9ToGQo6E7h2Q==,0
1000834047,Osman,Sinan,C,,0,0,,osmansin,nB9ToGQo6E7h2Q==,0
1000845062,Rahman,Raisa,C,,0,0,,rahma201,nB9ToGQo6E7h2Q==,0
1000846007,Mubeen,Tayyba,C,,0,0,,mubeenta,nB9ToGQo6E7h2Q==,0
1000847319,Chothia,Adil,C,,0,0,,chothia1,nB9ToGQo6E7h2Q==,0
1000848933,Walsh,Molly Elizabeth,C,,0,0,,walshmol,nB9ToGQo6E7h2Q==,0
1000857879,Hui,Beverley,C,,0,0,,huibever,nB9ToGQo6E7h2Q==,0
1000867243,Habib,Mariam,C,,0,0,,habibma3,nB9ToGQo6E7h2Q==,0
1000868493,Provost,Kimberly Erin,C,,0,0,,provost3,nB9ToGQo6E7h2Q==,0
1000870934,Wong,Wing-Cheung Michael,C,,0,0,,wongwi44,nB9ToGQo6E7h2Q==,0
1000879338,Bhagoutie,James,C,,0,0,,bhagout1,nB9ToGQo6E7h2Q==,0
1000881245,Lou,Wei,C,,0,0,,louwei1,nB9ToGQo6E7h2Q==,0
1000882896,Karimy,Farah Diba,C,,0,0,,karimyfa,nB9ToGQo6E7h2Q==,0
1000883804,Liu,Rui Tao,C,,0,0,,liurui7,nB9ToGQo6E7h2Q==,0
1000884965,Yang,Ning,C,,0,0,,yangnin5,nB9ToGQo6E7h2Q==,0
1000889452,Khawar,Nishwa,C,,0,0,,khawarni,nB9ToGQo6E7h2Q==,0
1000897318,Lam,Christine Ly-Man,C,,0,0,,lamchr17,nB9ToGQo6E7h2Q==,0
1000898148,Dou,Maggie,C,,0,0,,doumaggi,nB9ToGQo6E7h2Q==,0
1000903427,Karmacharya,Susana,C,,0,0,,karmacha,nB9ToGQo6E7h2Q==,0
1000912122,Lit,Ting,C,,0,0,,litting,nB9ToGQo6E7h2Q==,0
1000915325,Bossoke,Rosy,C,,0,0,,bossoker,nB9ToGQo6E7h2Q==,0
1000928375,Ho,Chun Nok,C,,0,0,,hochun3,nB9ToGQo6E7h2Q==,0
1000948905,Muraya,Stephanie Wambui,C,,0,0,,murayast,nB9ToGQo6E7h2Q==,0
1000961943,Wei,Yi,C,,0,0,,weiyi6,nB9ToGQo6E7h2Q==,0
1001010648,Lee,Yuan-Fu,C,,0,0,,leeyungf,nB9ToGQo6E7h2Q==,0
1001035408,Reddick,Caitlin,C,,0,0,,reddickc,nB9ToGQo6E7h2Q==,0
1001042739,Angeleski,Marissa Louise,C,,0,0,,angele12,nB9ToGQo6E7h2Q==,0
1001061511,Scott,John,C,,0,0,,scottjo5,nB9ToGQo6E7h2Q==,0
1001094567,Rodrigues,Jennifer,C,,0,0,,rodri389,nB9ToGQo6E7h2Q==,0
1001101648,Sherwood,Emily Soutar,C,,0,0,,sherwo20,nB9ToGQo6E7h2Q==,0
1001108650,Chen,Hongshen,C,,0,0,,chenho28,nB9ToGQo6E7h2Q==,0
1001113751,Yang,Qing Yuan,C,,0,0,,yangqi21,nB9ToGQo6E7h2Q==,0
1001126257,Xiao,Chong,C,,0,0,,xiaochon,nB9ToGQo6E7h2Q==,0
1001128647,Wang,Pengyun,C,,0,0,,wangpe23,nB9ToGQo6E7h2Q==,0
1001139975,Liu,Lu,C,,0,0,,liulu21,nB9ToGQo6E7h2Q==,0
1001142694,Gu,Tiancheng,C,,0,0,,gutianch,nB9ToGQo6E7h2Q==,0
1001157017,Huang,Wenyu,C,,0,0,,huangw50,nB9ToGQo6E7h2Q==,0
1001166926,Kauanivi,Mberiyandja,C,,0,0,,kauanivi,nB9ToGQo6E7h2Q==,0
1001171616,Wu,Subei,C,,0,0,,wusubei,nB9ToGQo6E7h2Q==,0
1001178343,Ohiwerei,Ohiozua Kelvin,C,,0,0,,ohiwerei,nB9ToGQo6E7h2Q==,0
1001196859,Shahid,Ramsha,C,,0,0,,shahidr5,nB9ToGQo6E7h2Q==,0
1001202138,Li,Weiran,C,,0,0,,liweiran,nB9ToGQo6E7h2Q==,0
1001215945,Nexha,Adile,C,,0,0,,nexhaadi,nB9ToGQo6E7h2Q==,0
1001230811,Hung,Jason Ka Yu,C,,0,0,,hungjas1,nB9ToGQo6E7h2Q==,0
1001238332,Divan,Sakina,C,,0,0,,divansak,nB9ToGQo6E7h2Q==,0
1001243825,Luan,Kaiwen,C,,0,0,,luankaiw,nB9ToGQo6E7h2Q==,0
1001249026,Li,Yingmei,C,,0,0,,liyingme,nB9ToGQo6E7h2Q==,0
1001262260,Kan,Vickie,C,,0,0,,kanvicki,nB9ToGQo6E7h2Q==,0
1001275087,Srikantan,Janani,C,,0,0,,srikan50,nB9ToGQo6E7h2Q==,0
1001279396,Lo,Melissa,C,,0,0,,lomelis2,nB9ToGQo6E7h2Q==,0
1001279706,Rennie,Olivia Nicole,C,,0,0,,rennieol,nB9ToGQo6E7h2Q==,0
1001282079,Chessum,James E,C,,0,0,,chessumj,nB9ToGQo6E7h2Q==,0
1001284558,Ali Mudei,Safa,C,,0,0,,alimudei,nB9ToGQo6E7h2Q==,0
1001287412,Hsiao,Chao-Wei,C,,0,0,,hsiaoch7,nB9ToGQo6E7h2Q==,0
1001293520,Jeyakanthan,Lukshika,C,,0,0,,jeyaka14,nB9ToGQo6E7h2Q==,0
1001301405,Noor,Shazia,C,,0,0,,noorshaz,nB9ToGQo6E7h2Q==,0
1001302734,Juturu,Vimala Karen Jack,C,,0,0,,juturuvi,nB9ToGQo6E7h2Q==,0
1001303635,Zhang,Kejia,C,,0,0,,zhangkej,nB9ToGQo6E7h2Q==,0
1001303804,Chen,Guanhong,C,,0,0,,chengu14,nB9ToGQo6E7h2Q==,0
1001307800,Ma,Vanessa Erica,C,,0,0,,mavaness,nB9ToGQo6E7h2Q==,0
1001309755,Shaikh,Rida,C,,0,0,,shaik121,nB9ToGQo6E7h2Q==,0
1001324765,Dyal,Ravin Suraj,C,,0,0,,dyalravi,nB9ToGQo6E7h2Q==,0
1001325620,Hubbell,Simaran Grace,C,,0,0,,hubbells,nB9ToGQo6E7h2Q==,0
1001327361,Gandhi,Vivek Hitesh,C,,0,0,,gandhiv3,nB9ToGQo6E7h2Q==,0
1001327496,Ragumaran,Roshanthan,C,,0,0,,ragumar1,nB9ToGQo6E7h2Q==,0
1001328967,Koneswaran,Nilanee,C,,0,0,,koneswa3,nB9ToGQo6E7h2Q==,0
1001330543,Dubay,Lauren Nicole,C,,0,0,,dubaylau,nB9ToGQo6E7h2Q==,0
1001331052,Vigkneswaran,Lojana,C,,0,0,,vigknes1,nB9ToGQo6E7h2Q==,0
1001333167,Matson,Chelsea,C,,0,0,,matsonch,nB9ToGQo6E7h2Q==,0
1001348240,Asare,Salomey,C,,0,0,,asaresal,nB9ToGQo6E7h2Q==,0
1001358318,Chan,Hady,C,,0,0,,chanhady,nB9ToGQo6E7h2Q==,0
1001364999,Selvamanohar,Divya,C,,0,0,,selvama4,nB9ToGQo6E7h2Q==,0
1001366103,Zhou,Yanjun,C,,0,0,,zhouya29,nB9ToGQo6E7h2Q==,0
1001371197,Au,Natalie Yuen Tung,C,,0,0,,aunatal1,nB9ToGQo6E7h2Q==,0
1001372034,Dhillon,Kamulpreet,C,,0,0,,dhill210,nB9ToGQo6E7h2Q==,0
1001373523,Liu,Rachel,C,,0,0,,liurach2,nB9ToGQo6E7h2Q==,0
1001384218,Prasla,Zoha Saiyed,C,,0,0,,praslazo,nB9ToGQo6E7h2Q==,0
1001390489,Vivekananthan,Gethna,C,,0,0,,viveka24,nB9ToGQo6E7h2Q==,0
1001392343,Lawrence,Josie,C,,0,0,,lawre144,nB9ToGQo6E7h2Q==,0
1001396134,Premachandran,Hanista,C,,0,0,,premac15,nB9ToGQo6E7h2Q==,0
1001397277,Chan,Emily Hong-Wing,C,,0,0,,chanem10,nB9ToGQo6E7h2Q==,0
1001398908,Mohamed,Sasha Aleeah,C,,0,0,,moham879,nB9ToGQo6E7h2Q==,0
1001401020,Saliba,Anne,C,,0,0,,salibaan,nB9ToGQo6E7h2Q==,0
1001406748,Situ,Andrew,C,,0,0,,situandr,nB9ToGQo6E7h2Q==,0
1001411778,Negah,Alina,C,,0,0,,negahali,nB9ToGQo6E7h2Q==,0
1001412919,Salimi,Narges,C,,0,0,,salimin1,nB9ToGQo6E7h2Q==,0
1001413311,Ho,Natalie Eliz,C,,0,0,,honatal6,nB9ToGQo6E7h2Q==,0
1001414141,Jin,Xincheng,C,,0,0,,jinxinch,nB9ToGQo6E7h2Q==,0
1001419388,Lem,Christopher Matthew,C,,0,0,,lemchris,nB9ToGQo6E7h2Q==,0
1001419716,Chiu,Brendan Alexander,C,,0,0,,chiubren,nB9ToGQo6E7h2Q==,0
1001422793,Hoang,Kimberly Tran,C,,0,0,,hoangki1,nB9ToGQo6E7h2Q==,0
1001424381,Wan,Carmen,C,,0,0,,wancarme,nB9ToGQo6E7h2Q==,0
1001431710,Tariq,Alina,C,,0,0,,tariqal2,nB9ToGQo6E7h2Q==,0
1001436136,Shinchi,Rina,C,,0,0,,shinchir,nB9ToGQo6E7h2Q==,0
1001440808,Pang,Xiao Xi Elsa,C,,0,0,,pangxia2,nB9ToGQo6E7h2Q==,0
1001442389,Kandiah,Sipporah,C,,0,0,,kandia13,nB9ToGQo6E7h2Q==,0
1001451573,Ranchan Pius,Jeremiah,C,,0,0,,ranchan1,nB9ToGQo6E7h2Q==,0
1001454053,Chih,Andrew,C,,0,0,,chihandr,nB9ToGQo6E7h2Q==,0
1001456453,Hashmi,Rufaida,C,,0,0,,hashmiru,nB9ToGQo6E7h2Q==,0
1001456756,Ganness,Kiran Armand,C,,0,0,,gannessk,nB9ToGQo6E7h2Q==,0
1001457283,Malhi,Tanveer,C,,0,0,,malhitan,nB9ToGQo6E7h2Q==,0
1001458558,Yellu,Tarunkumar Reddy,C,,0,0,,yellutar,nB9ToGQo6E7h2Q==,0
1001459094,Sheth,Javal Tarangkumar,C,,0,0,,shethjav,nB9ToGQo6E7h2Q==,0
1001459101,Sia,Marian Victoria,C,,0,0,,siamaria,nB9ToGQo6E7h2Q==,0
1001459682,Sarker,Saadia Islam,C,,0,0,,sarkers5,nB9ToGQo6E7h2Q==,0
1001459762,Syed-Abthagir,Apsara,C,,0,0,,abthagir,nB9ToGQo6E7h2Q==,0
1001461232,Tsang,Perley,C,,0,0,,tsangper,nB9ToGQo6E7h2Q==,0
1001463089,Jacob,Cassie,C,,0,0,,jacobcas,nB9ToGQo6E7h2Q==,0
1001463604,Ahmed,Hareem Saman,C,,0,0,,samanhar,nB9ToGQo6E7h2Q==,0
1001463980,Balasubramaniam,Aarabi,C,,0,0,,balasu69,nB9ToGQo6E7h2Q==,0
1001464480,Sachchithananthan,Shabica,C,,0,0,,sachchi4,nB9ToGQo6E7h2Q==,0
1001466647,Atikian,Talin,C,,0,0,,atikiant,nB9ToGQo6E7h2Q==,0
1001466781,Grewal,Rupinder Kaur,C,,0,0,,grewalru,nB9ToGQo6E7h2Q==,0
1001470357,Kok,Elton,C,,0,0,,kokelton,nB9ToGQo6E7h2Q==,0
1001470525,Vimalanathan,Viveeka,C,,0,0,,vimalan4,nB9ToGQo6E7h2Q==,0
1001472541,Ha,Quynh An,C,,0,0,,haquynh,nB9ToGQo6E7h2Q==,0
1001473498,Khwaja,Aleena,C,,0,0,,khwajaa2,nB9ToGQo6E7h2Q==,0
1001476066,Panchalingam,Mornisha,C,,0,0,,pancha42,nB9ToGQo6E7h2Q==,0
1001478279,Sivasothy,Nirushini,C,,0,0,,sivasot4,nB9ToGQo6E7h2Q==,0
1001478796,Khan,Madiha,C,,0,0,,khanmad8,nB9ToGQo6E7h2Q==,0
1001479385,Lobo,Dylan Blair,C,,0,0,,lobodyla,nB9ToGQo6E7h2Q==,0
1001479535,Thiyanavadivel,Sadhana,C,,0,0,,thiyanav,nB9ToGQo6E7h2Q==,0
1001481826,Nurogho,Khushbu,C,,0,0,,nuroghok,nB9ToGQo6E7h2Q==,0
1001483664,Rahim,Saania,C,,0,0,,rahimsaa,nB9ToGQo6E7h2Q==,0
1001504106,Zupo,Julia,C,,0,0,,zupojuli,nB9ToGQo6E7h2Q==,0
1001513926,Wickramaratne,Hettiachchi Himanka Ashain,C,,0,0,,wickra20,nB9ToGQo6E7h2Q==,0
1001514186,Harrichand,Abigail Natasha,C,,0,0,,harric19,nB9ToGQo6E7h2Q==,0
1001517030,Wu,Michelle,C,,0,0,,wumiche4,nB9ToGQo6E7h2Q==,0
1001517487,Chai,Zheng,C,,0,0,,chaizhen,nB9ToGQo6E7h2Q==,0
1001519252,Peiris,Anne Sherien,C,,0,0,,peirisa2,nB9ToGQo6E7h2Q==,0
1001521579,Vu,Philip Hoang,C,,0,0,,vuphilip,nB9ToGQo6E7h2Q==,0
1001522596,Sarker,Piyal,C,,0,0,,sarkerpi,nB9ToGQo6E7h2Q==,0
1001523292,Mirza,Zainab,C,,0,0,,mirzaza4,nB9ToGQo6E7h2Q==,0
1001526814,Ayar,Eda Oyku,C,,0,0,,ayareda,nB9ToGQo6E7h2Q==,0
1001526994,Ullah,Amirah Tasneem,C,,0,0,,ullahami,nB9ToGQo6E7h2Q==,0
1001528215,Chow,Carrie,C,,0,0,,chowcarr,nB9ToGQo6E7h2Q==,0
1001529679,Jaffar,Muhammad Fahad,C,,0,0,,jaffarmu,nB9ToGQo6E7h2Q==,0
1001530060,Ha,Thao Phuong,C,,0,0,,hathao,nB9ToGQo6E7h2Q==,0
1001532889,Ranzooryar,Deewa,C,,0,0,,ranzoor1,nB9ToGQo6E7h2Q==,0
1001533771,Baradi,Anna May,C,,0,0,,baradian,nB9ToGQo6E7h2Q==,0
1001535644,Varghese,Aiswarya Anjalose,C,,0,0,,varghe55,nB9ToGQo6E7h2Q==,0
1001536689,Sritharan,Jaanuha,C,,0,0,,sritha78,nB9ToGQo6E7h2Q==,0
1001537018,Ahmad,Maria,C,,0,0,,ahmadm17,nB9ToGQo6E7h2Q==,0
1001539588,Anand,Radhika,C,,0,0,,anandrad,nB9ToGQo6E7h2Q==,0
1001539640,Satheaswaran,Vedusha,C,,0,0,,satheas1,nB9ToGQo6E7h2Q==,0
1001540898,Lin,Kelvin Sheng Hui,C,,0,0,,linkelv2,nB9ToGQo6E7h2Q==,0
1001544064,Selvendran,Mathusa,C,,0,0,,selvend4,nB9ToGQo6E7h2Q==,0
1001544304,Joseph,Natasha,C,,0,0,,josephn3,nB9ToGQo6E7h2Q==,0
1001545018,Rajasekar,Thiviyakirupa,C,,0,0,,rajase11,nB9ToGQo6E7h2Q==,0
1001546963,Arellano,Cresilda Suemith,C,,0,0,,arella12,nB9ToGQo6E7h2Q==,0
1001547908,Ibon,Leslie Jane,C,,0,0,,ibonlesl,nB9ToGQo6E7h2Q==,0
1001548569,Mckeen,Alexandria Elizabeth,C,,0,0,,mckeena1,nB9ToGQo6E7h2Q==,0
1001548989,Syed,Mashal Fatima,C,,0,0,,syedmash,nB9ToGQo6E7h2Q==,0
1001550546,Ranchithan,Saranega Jaana,C,,0,0,,ranchit1,nB9ToGQo6E7h2Q==,0
1001552562,Wu,Xuting,C,,0,0,,wuxuting,nB9ToGQo6E7h2Q==,0
1001553561,Qiao,Zhuoya,C,,0,0,,qiaozhuo,nB9ToGQo6E7h2Q==,0
1001553589,Chen,Hongguang,C,,0,0,,chenho32,nB9ToGQo6E7h2Q==,0
1001555195,Ng,Po Huen Angela,C,,0,0,,ngpo2,nB9ToGQo6E7h2Q==,0
1001555701,Batool,Rida,C,,0,0,,batoolri,nB9ToGQo6E7h2Q==,0
1001557184,Kugakumaran,Gajahnan,C,,0,0,,kugakum1,nB9ToGQo6E7h2Q==,0
1001559958,Asadullah,Marjan,C,,0,0,,asadull7,nB9ToGQo6E7h2Q==,0
1001559967,Lo Hog Tian,Jason Michael,C,,0,0,,lohogtia,nB9ToGQo6E7h2Q==,0
1001562775,Lui,Brian Kim-Hung,C,,0,0,,luibria3,nB9ToGQo6E7h2Q==,0
1001563097,Srikaran,Meeraa,C,,0,0,,srikara2,nB9ToGQo6E7h2Q==,0
1001563783,Mohammad,Masom,C,,0,0,,moham921,nB9ToGQo6E7h2Q==,0
1001564960,Magpantay,Angelica,C,,0,0,,magpanta,nB9ToGQo6E7h2Q==,0
1001567137,Zihan,Sykab Suhail,C,,0,0,,zihansyk,nB9ToGQo6E7h2Q==,0
1001570980,Mai,Zi Ye,C,,0,0,,maizi1,nB9ToGQo6E7h2Q==,0
1001576635,Ramharry,Christie Artee,C,,0,0,,ramharry,nB9ToGQo6E7h2Q==,0
1001579687,Thanigasalam,Abiththa,C,,0,0,,thaniga9,nB9ToGQo6E7h2Q==,0
1001579703,Kabir,Aynul,C,,0,0,,kabirayn,nB9ToGQo6E7h2Q==,0
1001582272,Vasanthakumar,Stephanie,C,,0,0,,vasant35,nB9ToGQo6E7h2Q==,0
1001582343,Ng,Ivy Wing-Sam,C,,0,0,,ngivy1,nB9ToGQo6E7h2Q==,0
1001582487,Wang,Jun Lin,C,,0,0,,wangju51,nB9ToGQo6E7h2Q==,0
1001584289,Pusong,Jonathan Michael,C,,0,0,,pusongjo,nB9ToGQo6E7h2Q==,0
1001584724,Lam,Sandy,C,,0,0,,lamsand3,nB9ToGQo6E7h2Q==,0
1001585224,Hussain,Hiba,C,,0,0,,hussa432,nB9ToGQo6E7h2Q==,0
1001585885,Shanmugasundaram,Sansyana,C,,0,0,,shanm104,nB9ToGQo6E7h2Q==,0
1001586330,Afseen,Syeda,C,,0,0,,afseensy,nB9ToGQo6E7h2Q==,0
1001586722,Velasquez,Rafaela Paulina Sarmiento,C,,0,0,,velasq24,nB9ToGQo6E7h2Q==,0
1001588579,Dagatan,Jemiel,C,,0,0,,dagatan1,nB9ToGQo6E7h2Q==,0
1001588999,Robinson,Rochelle Alecia,C,,0,0,,robin407,nB9ToGQo6E7h2Q==,0
1001589319,Anwer,Aleyna Hamid,C,,0,0,,anwerale,nB9ToGQo6E7h2Q==,0
1001601073,Kung,Karina,C,,0,0,,kungkari,nB9ToGQo6E7h2Q==,0
1001606327,Chiu,Ricky Wai Kei,C,,0,0,,chiurick,nB9ToGQo6E7h2Q==,0
1001609413,Li,Jia Xin,C,,0,0,,lijia53,nB9ToGQo6E7h2Q==,0
1001612276,Song,Anni,C,,0,0,,songanni,nB9ToGQo6E7h2Q==,0
1001614826,Lui,Eric Kim-Tai,C,,0,0,,luieric2,nB9ToGQo6E7h2Q==,0
1001617431,Khalid,Orooj,C,,0,0,,khalidor,nB9ToGQo6E7h2Q==,0
1001618136,Paramanathan,Previka,C,,0,0,,parama18,nB9ToGQo6E7h2Q==,0
1001620301,Motara,Raeesah Yunus,C,,0,0,,motarara,nB9ToGQo6E7h2Q==,0
1001621480,Jodha,David,C,,0,0,,jodhadav,nB9ToGQo6E7h2Q==,0
1001621863,Trinh,Kevin Khoa,C,,0,0,,trinhke3,nB9ToGQo6E7h2Q==,0
1001621916,Chandran,Sarasaijini,C,,0,0,,chand181,nB9ToGQo6E7h2Q==,0
1001624735,Ulaganathan,Kapill,C,,0,0,,ulagana7,nB9ToGQo6E7h2Q==,0
1001625208,Bhatia,Vishal,C,,0,0,,bhatiav3,nB9ToGQo6E7h2Q==,0
1001633789,Mohsin,Nazia,C,,0,0,,mohsinn1,nB9ToGQo6E7h2Q==,0
1001636241,Vuong,Susan,C,,0,0,,vuongsu1,nB9ToGQo6E7h2Q==,0
1001643288,Rafiq,Zainab,C,,0,0,,rafiqza4,nB9ToGQo6E7h2Q==,0
1001643322,Masyuk,Polina,C,,0,0,,masyukpo,nB9ToGQo6E7h2Q==,0
1001647239,Rupnaraine,Andrew Randy,C,,0,0,,rupnar10,nB9ToGQo6E7h2Q==,0
1001650572,Zhao,Si Heng,C,,0,0,,zhaosi6,nB9ToGQo6E7h2Q==,0
1001650643,Haque,Fatima Masud,C,,0,0,,haquefa7,nB9ToGQo6E7h2Q==,0
1001651820,Marwah,Sagar,C,,0,0,,marwahsa,nB9ToGQo6E7h2Q==,0
1001652972,Zahid,Syeda,C,,0,0,,zahidsye,nB9ToGQo6E7h2Q==,0
1001663666,Tong,Miranda,C,,0,0,,tongmira,nB9ToGQo6E7h2Q==,0
1001664772,Tarchichi,Anthony,C,,0,0,,tarchic1,nB9ToGQo6E7h2Q==,0
1001664807,Mohanathasan,Pravinth,C,,0,0,,mohana16,nB9ToGQo6E7h2Q==,0
1001666707,Dayananda,Nimeash Aaron,C,,0,0,,dayanan4,nB9ToGQo6E7h2Q==,0
1001673851,Jindal,Shubhani,C,,0,0,,jindals1,nB9ToGQo6E7h2Q==,0
1001677580,Venkatesan,Sonia,C,,0,0,,venkat57,nB9ToGQo6E7h2Q==,0
1001687481,Baburie,Marsal,C,,0,0,,baburie1,nB9ToGQo6E7h2Q==,0
1001687579,Hossain,Fatimah,C,,0,0,,hossa186,nB9ToGQo6E7h2Q==,0
1001689862,Rambrichh,Ved Prakash,C,,0,0,,rambric2,nB9ToGQo6E7h2Q==,0
1001694366,Egan,Rebecca Bridie,C,,0,0,,eganrebe,nB9ToGQo6E7h2Q==,0
1001696239,Thirukeswaran,Shiriyah,C,,0,0,,thiruke3,nB9ToGQo6E7h2Q==,0
1001698264,Darr,Nabeeha Ruhee,C,,0,0,,darrnabe,nB9ToGQo6E7h2Q==,0
1001700251,Yusuf,Rahma Hussein,C,,0,0,,yusufrah,nB9ToGQo6E7h2Q==,0
1001701063,Bansal,Anamika,C,,0,0,,bansala8,nB9ToGQo6E7h2Q==,0
1001703579,Prajapati,Bijal,C,,0,0,,prajap24,nB9ToGQo6E7h2Q==,0
1001703819,Wei,Lai,C,,0,0,,weilai3,nB9ToGQo6E7h2Q==,0
1001704382,He,Rui Ling,C,,0,0,,herui1,nB9ToGQo6E7h2Q==,0
1001705844,Salim,Fatima,C,,0,0,,salimfa1,nB9ToGQo6E7h2Q==,0
1001712658,Sivakumar,Jeshan,C,,0,0,,sivak111,nB9ToGQo6E7h2Q==,0
1001712710,Theivendrarajah,Abigail,C,,0,0,,theive18,nB9ToGQo6E7h2Q==,0
1001712845,Sornaruban,Janet Rubina,C,,0,0,,sornarub,nB9ToGQo6E7h2Q==,0
1001714013,Jerin,Tashnim,C,,0,0,,jerintas,nB9ToGQo6E7h2Q==,0
1001717715,Tran,Amy,C,,0,0,,tranam11,nB9ToGQo6E7h2Q==,0
1001719438,Chowdhury,Mazeda,C,,0,0,,chowd295,nB9ToGQo6E7h2Q==,0
1001719919,Archee,Spencer Adam,C,,0,0,,archeesp,nB9ToGQo6E7h2Q==,0
1001720364,Rahman,Shaikh Mohammad,C,,0,0,,rahma278,nB9ToGQo6E7h2Q==,0
1001720621,Del Rosario,Karen Jane,C,,0,0,,delros13,nB9ToGQo6E7h2Q==,0
1001721871,Zhao,Xiao Han,C,,0,0,,zhaoxi68,nB9ToGQo6E7h2Q==,0
1001723138,Ibrahim,Riam,C,,0,0,,ibrah288,nB9ToGQo6E7h2Q==,0
1001724841,Lam,Cindy,C,,0,0,,lamcind6,nB9ToGQo6E7h2Q==,0
1001728650,Gauhar,Qurrat-Al-A'Ain Amjad,C,,0,0,,gauharqu,nB9ToGQo6E7h2Q==,0
1001729999,Aayani,Simon,C,,0,0,,aayanisi,nB9ToGQo6E7h2Q==,0
1001730255,Xue,Jiahe,C,,0,0,,xuejiahe,nB9ToGQo6E7h2Q==,0
1001731432,Malik,Irsah,C,,0,0,,malikirs,nB9ToGQo6E7h2Q==,0
1001741341,Mei,Yong Lin,C,,0,0,,meiyong,nB9ToGQo6E7h2Q==,0
1001745757,Valdez,Tracy Anne,C,,0,0,,valdezt1,nB9ToGQo6E7h2Q==,0
1001748095,Chan,Cheryl Melanie,C,,0,0,,chanc137,nB9ToGQo6E7h2Q==,0
1001754675,Islam,Fawziyah Abida,C,,0,0,,islamfaw,nB9ToGQo6E7h2Q==,0
1001759992,Gheshe Shamoon,Linda,C,,0,0,,gheshesh,nB9ToGQo6E7h2Q==,0
1001760766,Osman,Safa,C,,0,0,,osmansa5,nB9ToGQo6E7h2Q==,0
1001797521,Shen,Minqian,C,,0,0,,shenminq,nB9ToGQo6E7h2Q==,0
1001826358,Owusu- Ansah,Akosua,C,,0,0,,ansahak1,nB9ToGQo6E7h2Q==,0
1001840519,Shi,Haocheng,C,,0,0,,shihaoc1,nB9ToGQo6E7h2Q==,0
1001899305,Noylander,Marley,C,,0,0,,noylande,nB9ToGQo6E7h2Q==,0
1001904139,Djebbari,Nina,C,,0,0,,djebbar1,nB9ToGQo6E7h2Q==,0
1001951060,Retanal,Dunmcmorriz,C,,0,0,,retanald,nB9ToGQo6E7h2Q==,0
1001955725,Bailey,Nathanael,C,,0,0,,baileyn7,nB9ToGQo6E7h2Q==,0
1001983696,Agau,John Majak,C,,0,0,,agaujohn,nB9ToGQo6E7h2Q==,0
,Butler,Kevin,C,,0,0,,butlerk,nB9ToGQo6E7h2Q==,5
